#-----------------------------------------------------------
# Vivado v2019.2 (64-bit)
# SW Build 2708876 on Wed Nov  6 21:40:23 MST 2019
# IP Build 2700528 on Thu Nov  7 00:09:20 MST 2019
# Start of session at: Sat Jun  1 15:46:43 2024
# Process ID: 10132
# Current directory: C:/workspace/Perlpheral_course_2022/RVfpga_Soc_lab7
# Command line: vivado.exe -gui_launcher_event rodinguilauncherevent11436 C:\workspace\Perlpheral_course_2022\RVfpga_Soc_lab7\RVfpga_Soc.xpr
# Log file: C:/workspace/Perlpheral_course_2022/RVfpga_Soc_lab7/vivado.log
# Journal file: C:/workspace/Perlpheral_course_2022/RVfpga_Soc_lab7\vivado.jou
#-----------------------------------------------------------
start_gui
open_project C:/workspace/Perlpheral_course_2022/RVfpga_Soc_lab7/RVfpga_Soc.xpr
Scanning sources...
Finished scanning sources
INFO: [IP_Flow 19-234] Refreshing IP repositories
INFO: [IP_Flow 19-1700] Loaded user IP repository 'c:/workspace/Perlpheral_course_2022/ip_repo'.
INFO: [IP_Flow 19-2313] Loaded Vivado IP repository 'E:/Vivado/2019.2/data/ip'.
WARNING: [IP_Flow 19-1663] Duplicate IP found for 'xilinx.com:user:axi2wb_intcon_wrapper:1.0'. The one found in IP location 'c:/workspace/Perlpheral_course_2022/ip_repo/ip_repo/xilinx.com_user_axi2wb_intcon_wrapper_1.0' will take precedence over the same IP in location c:/workspace/Perlpheral_course_2022/ip_repo/xilinx.com_user_axi2wb_intcon_wrapper_1.0
WARNING: [IP_Flow 19-1663] Duplicate IP found for 'xilinx.com:user:PWM_w_Int:1.0'. The one found in IP location 'c:/workspace/Perlpheral_course_2022/ip_repo/ip_repo/xilinx.com_user_PWM_w_Int_1.0' will take precedence over the same IP in location c:/workspace/Perlpheral_course_2022/ip_repo/xilinx.com_user_PWM_w_Int_1.0
WARNING: [IP_Flow 19-1663] Duplicate IP found for 'xilinx.com:user:Segment:1.0'. The one found in IP location 'c:/workspace/Perlpheral_course_2022/ip_repo/ip_repo/xilinx.com_user_Segment_1.0' will take precedence over the same IP in location c:/workspace/Perlpheral_course_2022/ip_repo/xilinx.com_user_Segment_1.0
WARNING: [IP_Flow 19-1663] Duplicate IP found for 'xilinx.com:user:swerv_wrapper_verilog:1.0'. The one found in IP location 'c:/workspace/Perlpheral_course_2022/ip_repo/ip_repo/xilinx.com_user_swerv_wrapper_verilog_1.0' will take precedence over the same IP in location c:/workspace/Perlpheral_course_2022/ip_repo/xilinx.com_user_swerv_wrapper_verilog_1.0
WARNING: [IP_Flow 19-1663] Duplicate IP found for 'xilinx.com:user:wb_gpio_wrapper:1.0'. The one found in IP location 'c:/workspace/Perlpheral_course_2022/ip_repo/ip_repo/xilinx.com_user_wb_gpio_wrapper_1.0' will take precedence over the same IP in location c:/workspace/Perlpheral_course_2022/ip_repo/xilinx.com_user_wb_gpio_wrapper_1.0
open_project: Time (s): cpu = 00:00:15 ; elapsed = 00:00:12 . Memory (MB): peak = 946.391 ; gain = 289.141
open_bd_design {C:/workspace/Perlpheral_course_2022/RVfpga_Soc_lab7/RVfpga_Soc.srcs/sources_1/bd/swerv_soc/swerv_soc.bd}
Adding component instance block -- xilinx.com:user:axi2wb_intcon_wrapper:1.0 - axi2wb_intcon_wrapper_0
Adding component instance block -- xilinx.com:user:wb_gpio_wrapper:1.0 - wb_gpio_wrapper_0
Adding component instance block -- xilinx.com:user:swerv_wrapper_verilog:1.0 - swerv_wrapper_verilog_0
Adding component instance block -- xilinx.com:module_ref:bootrom_wrapper:1.0 - bootrom_wrapper_0
Adding component instance block -- xilinx.com:ip:axi_interconnect:2.1 - axi_interconnect_0
Adding component instance block -- xilinx.com:ip:axi_crossbar:2.1 - xbar
Adding component instance block -- xilinx.com:ip:axi_dwidth_converter:2.1 - auto_ds
Adding component instance block -- xilinx.com:ip:axi_protocol_converter:2.1 - auto_pc
Adding component instance block -- xilinx.com:ip:axi_gpio:2.0 - axi_gpio_0
Adding component instance block -- xilinx.com:module_ref:wb_uart_wrapper:1.0 - wb_uart_wrapper_0
Adding component instance block -- xilinx.com:user:PWM_w_Int:1.0 - PWM_w_Int_0
Adding component instance block -- xilinx.com:module_ref:syscon_wrapper:1.0 - syscon_wrapper_0
Adding component instance block -- xilinx.com:ip:xlconcat:2.1 - xlconcat_0
Adding component instance block -- xilinx.com:module_ref:ptc_wrapper:1.0 - ptc_wrapper_0
WARNING: [BD 41-1731] Type mismatch between connected pins: /syscon_wrapper_0/o_timer_irq(intr) and /swerv_wrapper_verilog_0/timer_int(undef)
WARNING: [BD 41-1731] Type mismatch between connected pins: /clk_0(clk) and /wb_gpio_wrapper_0/wb_clk_i(undef)
WARNING: [BD 41-1731] Type mismatch between connected pins: /clk_0(clk) and /wb_uart_wrapper_0/wb_clk_i(undef)
WARNING: [BD 41-1731] Type mismatch between connected pins: /clk_0(clk) and /ptc_wrapper_0/wb_clk_i(undef)
WARNING: [BD 41-1731] Type mismatch between connected pins: /rst_0(rst) and /wb_gpio_wrapper_0/wb_rst_i(undef)
WARNING: [BD 41-1731] Type mismatch between connected pins: /rst_0(rst) and /wb_uart_wrapper_0/wb_rst_i(undef)
WARNING: [BD 41-1731] Type mismatch between connected pins: /rst_0(rst) and /ptc_wrapper_0/wb_rst_i(undef)
WARNING: [BD 41-1731] Type mismatch between connected pins: /ptc_wrapper_0/wb_inta_o(undef) and /syscon_wrapper_0/ptc_irq(intr)
Successfully read diagram <swerv_soc> from BD file <C:/workspace/Perlpheral_course_2022/RVfpga_Soc_lab7/RVfpga_Soc.srcs/sources_1/bd/swerv_soc/swerv_soc.bd>
open_bd_design: Time (s): cpu = 00:00:11 ; elapsed = 00:00:16 . Memory (MB): peak = 1148.879 ; gain = 0.000
close_bd_design [get_bd_designs swerv_soc]
Wrote  : <C:/workspace/Perlpheral_course_2022/RVfpga_Soc_lab7/RVfpga_Soc.srcs/sources_1/bd/swerv_soc/ui/bd_3fd5fa6d.ui> 
update_compile_order -fileset sources_1
exit
INFO: [Common 17-206] Exiting Vivado at Sat Jun  1 15:48:08 2024...
