#-----------------------------------------------------------
# Vivado v2019.2 (64-bit)
# SW Build 2708876 on Wed Nov  6 21:40:23 MST 2019
# IP Build 2700528 on Thu Nov  7 00:09:20 MST 2019
# Start of session at: Tue Jun 11 12:23:46 2024
# Process ID: 8376
# Current directory: C:/workspace/温度采集报警系统/RVfpga_Soc
# Command line: vivado.exe -gui_launcher_event rodinguilauncherevent3276 C:\workspace\温度采集报警系统\RVfpga_Soc\RVfpga_Soc.xpr
# Log file: C:/workspace/温度采集报警系统/RVfpga_Soc/vivado.log
# Journal file: C:/workspace/温度采集报警系统/RVfpga_Soc\vivado.jou
#-----------------------------------------------------------
start_gui
open_project C:/workspace/温度采集报警系统/RVfpga_Soc/RVfpga_Soc.xpr
INFO: [Project 1-313] Project file moved from 'C:/workspace/Perlpheral_course_2022/RVfpga_Soc' since last save.
Scanning sources...
Finished scanning sources
INFO: [IP_Flow 19-234] Refreshing IP repositories
INFO: [IP_Flow 19-1700] Loaded user IP repository 'c:/workspace/温度采集报警系统/ip_repo'.
INFO: [IP_Flow 19-2313] Loaded Vivado IP repository 'E:/Vivado/2019.2/data/ip'.
open_project: Time (s): cpu = 00:00:10 ; elapsed = 00:00:11 . Memory (MB): peak = 994.598 ; gain = 360.066
open_bd_design {C:/workspace/温度采集报警系统/RVfpga_Soc/RVfpga_Soc.srcs/sources_1/bd/swerv_soc/swerv_soc.bd}
Adding component instance block -- xilinx.com:user:axi2wb_intcon_wrapper:1.0 - axi2wb_intcon_wrapper_0
Adding component instance block -- xilinx.com:user:wb_gpio_wrapper:1.0 - wb_gpio_wrapper_0
Adding component instance block -- xilinx.com:user:swerv_wrapper_verilog:1.0 - swerv_wrapper_verilog_0
Adding component instance block -- xilinx.com:module_ref:bootrom_wrapper:1.0 - bootrom_wrapper_0
Adding component instance block -- xilinx.com:ip:axi_interconnect:2.1 - axi_interconnect_0
Adding component instance block -- xilinx.com:ip:axi_crossbar:2.1 - xbar
Adding component instance block -- xilinx.com:ip:axi_dwidth_converter:2.1 - auto_ds
Adding component instance block -- xilinx.com:ip:axi_protocol_converter:2.1 - auto_pc
Adding component instance block -- xilinx.com:ip:axi_gpio:2.0 - axi_gpio_0
Adding component instance block -- xilinx.com:module_ref:wb_uart_wrapper:1.0 - wb_uart_wrapper_0
Adding component instance block -- xilinx.com:user:PWM_w_Int:1.0 - PWM_w_Int_0
Adding component instance block -- xilinx.com:module_ref:syscon_wrapper:1.0 - syscon_wrapper_0
Adding component instance block -- xilinx.com:ip:xlconcat:2.1 - xlconcat_0
Adding component instance block -- xilinx.com:module_ref:ptc_wrapper:1.0 - ptc_wrapper_0
Adding component instance block -- xilinx.com:module_ref:wb_spi_wrapper:1.0 - wb_spi_wrapper_0
Adding component instance block -- xilinx.com:ip:axi_iic:2.0 - axi_iic_0
Adding component instance block -- xilinx.com:user:Audio:1.0 - Audio_0
WARNING: [BD 41-1731] Type mismatch between connected pins: /syscon_wrapper_0/o_timer_irq(intr) and /swerv_wrapper_verilog_0/timer_int(undef)
WARNING: [BD 41-1731] Type mismatch between connected pins: /clk_0(clk) and /wb_gpio_wrapper_0/wb_clk_i(undef)
WARNING: [BD 41-1731] Type mismatch between connected pins: /clk_0(clk) and /wb_uart_wrapper_0/wb_clk_i(undef)
WARNING: [BD 41-1731] Type mismatch between connected pins: /clk_0(clk) and /ptc_wrapper_0/wb_clk_i(undef)
WARNING: [BD 41-1731] Type mismatch between connected pins: /clk_0(clk) and /wb_spi_wrapper_0/wb_clk_i(undef)
WARNING: [BD 41-1731] Type mismatch between connected pins: /rst_0(rst) and /wb_gpio_wrapper_0/wb_rst_i(undef)
WARNING: [BD 41-1731] Type mismatch between connected pins: /rst_0(rst) and /wb_uart_wrapper_0/wb_rst_i(undef)
WARNING: [BD 41-1731] Type mismatch between connected pins: /rst_0(rst) and /ptc_wrapper_0/wb_rst_i(undef)
WARNING: [BD 41-1731] Type mismatch between connected pins: /rst_0(rst) and /wb_spi_wrapper_0/wb_rst_i(undef)
WARNING: [BD 41-1731] Type mismatch between connected pins: /ptc_wrapper_0/wb_inta_o(undef) and /syscon_wrapper_0/ptc_irq(intr)
Successfully read diagram <swerv_soc> from BD file <C:/workspace/温度采集报警系统/RVfpga_Soc/RVfpga_Soc.srcs/sources_1/bd/swerv_soc/swerv_soc.bd>
open_bd_design: Time (s): cpu = 00:00:06 ; elapsed = 00:00:10 . Memory (MB): peak = 1939.250 ; gain = 34.039
update_compile_order -fileset sources_1
exit
INFO: [Common 17-206] Exiting Vivado at Tue Jun 11 12:36:20 2024...
